<?xml version="1.0" encoding="UTF-8"?>
<!-- Generated by org.testng.reporters.JUnitReportReporter -->
<testsuite name="com.CRM2.loginpage.LoginPageTest" tests="3" time="47.909" ignored="0" failures="0" timestamp="02 Jun 2018 07:21:33 GMT" skipped="0" hostname="HOME-PC" errors="0">
  <testcase name="loginTest" time="21.039" classname="com.CRM2.loginpage.LoginPageTest"/>
  <testcase name="crmLogoTest" time="12.626" classname="com.CRM2.loginpage.LoginPageTest"/>
  <testcase name="loginPageTitleTest" time="14.244" classname="com.CRM2.loginpage.LoginPageTest"/>
</testsuite> <!-- com.CRM2.loginpage.LoginPageTest -->
