<?xml version="1.0" encoding="UTF-8"?>
<!-- Generated by org.testng.reporters.JUnitReportReporter -->
<testsuite name="com.CRM2.homepage.HomePageTest" tests="3" time="65.704" ignored="0" failures="0" timestamp="02 Jun 2018 07:21:33 GMT" skipped="0" hostname="HOME-PC" errors="0">
  <testcase name="userNameDisplayedTest" time="23.342" classname="com.CRM2.homepage.HomePageTest"/>
  <testcase name="homePageeTitleTest" time="21.159" classname="com.CRM2.homepage.HomePageTest"/>
  <testcase name="contactsLinkTest" time="21.203" classname="com.CRM2.homepage.HomePageTest"/>
</testsuite> <!-- com.CRM2.homepage.HomePageTest -->
